------Model: R_cosine1_darcy-nscc_FNO_CEM ------ 
Started at  03/04/24,12:02:29 
Model Initiated with  12.019078261684626 s No. parameters:  11452129 
Epochs left time train_loss err_mean err_std 
10 10205.183480974752 0.06494984922800214 0.3470680517719162 0.32238588922919603 
20 9364.736514631659 0.053941606971994044 0.3285490924333351 0.312964740387094 
30 9040.886364064645 0.05012507273964584 0.22983212245931386 0.23467172465469954 
40 8728.069134538295 0.04713018758520484 0.16080570394751603 0.18042783576733384 
50 8466.133204713464 0.05045861438848078 0.26434242415712816 0.1518882267655215 
60 8231.931790854473 0.04707617737092078 0.15842421632731704 0.14204727763189678 
70 8013.030403642782 0.04718080608714372 0.19476985106879688 0.1292626333753651 
80 7816.5550839921925 0.04334228563271463 0.22621043100077112 0.1396168635509934 
90 7617.787794086461 0.043879132501967254 0.2722088746552253 0.29579331379117674 
100 7423.405874753371 0.049943380745500324 0.15816294196371636 0.13739556934401087 
110 7230.027357401919 0.04220810634996742 0.15998613707201925 0.10671063669274788 
120 7038.328204783766 0.04222424138523638 0.14795417001535624 0.07830787492215568 
130 6846.63377411857 0.04322062557637692 0.10014888808188925 0.08862824258229823 
140 6656.780619275224 0.04480860327463597 0.14802640466235187 0.12709644859635422 
150 6468.467041528784 0.04895385824777186 0.11033394480348328 0.10282766310264771 
160 6280.535049098835 0.04088677833043039 0.11310556070282343 0.09812171690655706 
170 6093.148097725777 0.04112689071781933 0.09879098642171058 0.0915240864558203 
180 5905.873679467373 0.04357065919023007 0.1458738074541746 0.12323942223240711 
190 5718.86176369849 0.04326795021295547 0.18904441818638387 0.08901681560074541 
200 5532.157846836141 0.040924624655395744 0.11703272433366624 0.13154705506371894 
210 5346.2903965887435 0.042975881169736385 0.14680569448944764 0.08575234428753327 
220 5160.7158696929155 0.04208385233022273 0.08303995144045481 0.07491873201279495 
230 4975.271907390824 0.040847022162750365 0.0895924866079537 0.09527487785710546 
240 4790.998621596489 0.039672363162785766 0.09689149807809018 0.12215389636852357 
250 4607.146964685991 0.04521536215674132 0.10958517386160908 0.09216676360664613 
260 4421.115404625209 0.047113084333389996 0.1302489006430191 0.09535859414987895 
270 4235.604787746858 0.04337525323443115 0.16058170454104842 0.13463487811246336 
280 4050.329442353287 0.041004389857500795 0.12340266236327349 0.09814575400573555 
290 3865.300668859421 0.04220786618031561 0.12542123650067302 0.09072689337865178 
300 3680.537452650256 0.04917892416678369 0.06897159037062248 0.09880254903140806 
310 3495.676296166685 0.03917844832390547 0.09148294085834499 0.11381500412212939 
320 3310.914524030668 0.03931491110250354 0.07814224649669052 0.08594603256715647 
330 3126.4139164834933 0.04042484754901379 0.07051200467433737 0.09110069502184855 
340 2941.925338104148 0.043243646084330976 0.08383897460891347 0.11058975797289793 
350 2757.4860734598315 0.0390944170627743 0.05754926706660355 0.09182349907274659 
360 2573.1653722834826 0.04674662359431386 0.08527997375009766 0.10253636868176233 
370 2388.9610953794645 0.04407078557293862 0.09613136976975066 0.08650338645146646 
380 2204.872810113783 0.039564643000066284 0.1294055007866681 0.06252121479295036 
390 2021.2273698484478 0.03945982920583337 0.09419967263874793 0.08423630025178101 
400 1837.2545436515938 0.04027556013688445 0.06508456537498361 0.15377400333624394 
410 1653.3184486179864 0.04311611683405936 0.06707646111530037 0.08562366126985174 
420 1469.3826688307204 0.043848223311454056 0.07298791367172437 0.07740436905600427 
430 1285.4983255502357 0.045238371481187645 0.0671247235872857 0.10505803251955433 
440 1101.6556807883212 0.042202288227342066 0.06328068758693936 0.10453737845315819 
450 917.8780337331507 0.043927006469666956 0.10605980290189705 0.08187153739924372 
460 734.2044116107181 0.04324080928042531 0.06386870287717096 0.08419849650431953 
470 550.7620952712928 0.03484006941504776 0.06919516188813032 0.08568340151927212 
480 367.1425961080434 0.04092502220049501 0.08507861830058012 0.08775430482254877 
490 183.56009507555592 0.04263985901661217 0.0789515415137723 0.08588882715333786 
500 0.0 0.03896130288094282 0.0868700821865457 0.08502616581810514 
Ended at  03/04/24,14:35:42 
