------Model: R_cosine1_identity3d-nscc_FNO_CEM ------ 
Started at  03/04/24,14:37:29 
Model Initiated with  10.127797480206937 s No. parameters:  76412125 
Epochs left time train_loss err_mean err_std 
10 25096.830636888277 0.09398809603825212 0.6084256717181917 2.329362525352346 
20 23979.291735246778 0.06519014889374375 0.5018239649901501 2.417489331601461 
30 23287.360547310673 0.055784140820614996 0.43647339161236437 1.7991663275935703 
40 22685.917949019 0.05343890736177564 0.44575193317577516 1.679050745397538 
50 22127.835947818123 0.05022079237699509 0.467258855464255 1.6037960993591223 
60 21596.51172577186 0.044508490954712036 0.32210486317380194 1.5013924855489582 
70 21101.944544973718 0.04195666989851743 0.34533407689864953 0.9725617476802687 
80 20603.9934016614 0.03424603777546436 0.33616480966253226 0.6690735862814076 
90 20090.99014599725 0.029803110843524338 0.26193013093510126 0.7375813902921935 
100 19582.093288369477 0.028290116784255952 0.30313070852670093 0.5269437060798706 
110 19076.545695236673 0.028724379216507077 0.21104147563111614 0.6364311604152985 
120 18574.405891733557 0.027497942274436353 0.19934862282809881 0.4953721861868893 
130 18075.32002248841 0.027973859017714858 0.2173644184742269 0.4046165624993148 
140 17577.741740328525 0.021729510563611984 0.18524770933211576 0.2644780758344117 
150 17081.929604950048 0.022232140914723277 0.18301905007519131 0.33818861070178374 
160 16594.9724180809 0.02309772911518812 0.18386412960128487 0.1851747582617183 
170 16103.072964755573 0.018786817976646126 0.14800989300108763 0.23052826757201497 
180 15611.470683459607 0.019739090531133114 0.1383812055449784 0.09932202916368621 
190 15120.506025890647 0.020778398513514547 0.1858149108977329 0.1289497349419867 
200 14630.002222394105 0.02055044962838292 0.13728697434360462 0.08681082884208595 
210 14139.58737410596 0.018707825103309005 0.11295944199653904 0.060685757220396756 
220 13649.735426762989 0.01747787995841354 0.10495034921500573 0.06311876670726903 
230 13162.400854329984 0.016224931205715984 0.10878618756005402 0.05386567489745457 
240 12674.14369682075 0.01734360317904502 0.10423578911688754 0.05168458752137049 
250 12184.775927157141 0.018045764970593153 0.10777860726696713 0.055829807054723284 
260 11697.61644691057 0.017690287146344782 0.11354191804288642 0.05016655794596087 
270 11209.390814695214 0.01862022496741265 0.09876530080416178 0.06064155154642269 
280 10721.137314052221 0.0165590393894352 0.10893603245663082 0.053975206618624906 
290 10233.09467803825 0.017773631499893965 0.12159423177391414 0.06139697768633593 
300 9745.137908497514 0.018367463030666113 0.11179186513940098 0.05252203122399127 
310 9257.39982694434 0.01620072021447122 0.08201947808490807 0.0456790330066816 
320 8770.867880568781 0.015405826953239738 0.0803048383820435 0.05826686353696454 
330 8283.494288430493 0.017145682235900312 0.08653792478299419 0.04987001533488758 
340 7795.886670860298 0.016897594086360185 0.08191778686120428 0.0472376955471329 
350 7308.280652255153 0.01734308575578034 0.0966690789027848 0.07403072175329793 
360 6820.696513379174 0.017118869704287498 0.08923067434128003 0.05665968154409707 
370 6333.156072958712 0.015604924915079027 0.09393031108089012 0.06784613695454368 
380 5845.722437637172 0.015944022510573266 0.10019871572475014 0.06122348609296881 
390 5358.401102337497 0.01527560996748507 0.07894995338022047 0.06241899008463134 
400 4871.664741848363 0.017408956256415694 0.08644749325855325 0.06771220553615898 
410 4384.143226960049 0.015752777537703513 0.07727125439479356 0.059792781201947094 
420 3897.353139812216 0.016087034591753036 0.08150143029387075 0.07240018236179992 
430 3410.5132516381373 0.016845563186518846 0.08055643596122383 0.07526895980605697 
440 2923.211501228221 0.015049407860543578 0.07921612520117079 0.07861741355867313 
450 2435.917270683787 0.015906054075900466 0.07995079777411736 0.07240495516397667 
460 1948.7951129695157 0.013509245172794908 0.07257244209606256 0.07412071815897571 
470 1461.6441435324364 0.01630241925623268 0.07604958147925416 0.07784290791417507 
480 974.4125226337153 0.01606807808894664 0.07564521024244611 0.0778938817562735 
490 487.2084464983521 0.016624688137695194 0.07766638015143797 0.07718197053864942 
500 0.0 0.01574474960183725 0.0780940589980664 0.08036760108729973 
Ended at  03/04/24,21:23:40 
