------Model: R_cosine1_identity-nscc_FNO_CEM ------ 
Started at  03/04/24,21:24:12 
Model Initiated with  11.688576536718756 s No. parameters:  11452129 
Epochs left time train_loss err_mean err_std 
10 10219.929916845169 0.08057306682970375 0.43438319744945 0.07482656388649565 
20 9464.929162502289 0.06713419839516283 0.2585311318698328 0.09909050060971224 
30 9090.994912786253 0.06580795152001083 0.26719470090862135 0.08747445678818963 
40 8810.534397274489 0.06137895567752421 0.47136960686494506 0.21288943827245102 
50 8568.751225129701 0.06774539307355881 0.2229858541088937 0.08011925735552698 
60 8345.567953617001 0.06367859142832458 0.2278454235584604 0.08219018482684104 
70 8133.074782417023 0.06387153851874172 0.3329828870425092 0.09176438248350102 
80 7926.308576700627 0.060279574001580474 0.28412591396298964 0.14066736839725602 
90 7718.973998417301 0.05932915123924613 0.45567899431403325 0.111987247921119 
100 7515.991951311007 0.06898351194150745 0.24363073109545558 0.1596994089388639 
110 7316.651069370352 0.057746233199723065 0.2109002227358834 0.09891330732180754 
120 7119.31488914066 0.057722293314524 0.1908680426063711 0.09337498745962933 
130 6924.179081707333 0.06042401861660183 0.17158911930650167 0.07588504251072103 
140 6730.863149689244 0.06302340383362025 0.23818492005360717 0.048787350951788565 
150 6541.340230541149 0.06882118103075772 0.2754117987801003 0.1530244766546976 
160 6352.370923300507 0.05624426592253148 0.19587190229634727 0.06507949273851038 
170 6163.655443991069 0.056540007620304825 0.19499056493371014 0.05496840518237901 
180 5975.413696150813 0.06106259353421629 0.18833664876246872 0.06858388491033068 
190 5787.305459849243 0.060184353095665576 0.17763832907781174 0.1096922337949092 
200 5599.444058200344 0.0573629696238786 0.17946700382208117 0.07175999815759627 
210 5412.72220446522 0.060850771889463064 0.15308347885987536 0.041440317859469375 
220 5223.418604898689 0.05817736487388611 0.10376418427373008 0.04950872365787076 
230 5034.406600984685 0.05758903149329126 0.1723035854244092 0.0420772720933086 
240 4845.614667437971 0.05664569028820843 0.1812935649710436 0.04930073934518858 
250 4657.221610339824 0.06357842503711582 0.14473462273358123 0.0350182779221994 
260 4468.991306290747 0.06614059768915176 0.09767732668224942 0.05908250387031696 
270 4281.199909181334 0.06063668705131858 0.139147445355852 0.046602537790877537 
280 4093.754200901271 0.05773414912708104 0.18449563758349063 0.0460823319229935 
290 3906.4110457382394 0.059759502967447045 0.15860613026974557 0.05521135476631413 
300 3721.0503636685507 0.06922939047962427 0.10919329407618447 0.07042526613562593 
310 3537.967704731926 0.05538764243833721 0.11744827134294289 0.048747904226028656 
320 3357.733252002537 0.05446152306739241 0.09155651956673133 0.029459185094232638 
330 3178.075256590788 0.05587763671837747 0.1301114385935471 0.046019152760880914 
340 2997.4536441419928 0.06106708666458726 0.1126687530860813 0.030751051465505594 
350 2816.453725851008 0.05520833590142429 0.10583471702226434 0.03400356708581305 
360 2633.7210009689184 0.06593553184568882 0.15008479078625625 0.05481010856190047 
370 2449.28675113748 0.06169398982003331 0.09069263788726488 0.05104735770444132 
380 2263.8071317060508 0.055653724260255694 0.13528371691948118 0.07141621059614672 
390 2079.176457870978 0.05522317472994327 0.12401563851547628 0.07920409763884789 
400 1893.383716636221 0.05582801690902561 0.10055646135255812 0.06586798441261922 
410 1706.1409385911668 0.06120966902337968 0.082908814809121 0.04498092218008075 
420 1518.3644773736596 0.061664803082123396 0.07842127719567549 0.04241030596031629 
430 1329.322106674736 0.06416177092343568 0.10755999298297439 0.029236594822755174 
440 1140.3715180325194 0.059465639347210525 0.0848659387381164 0.05283191007771609 
450 950.9965110572261 0.060968769957125184 0.09722195483057741 0.04606972423692396 
460 761.29049783362 0.060482365095987915 0.08292393053954597 0.03060416964215335 
470 571.5859215467018 0.049492412802763286 0.07073972363152424 0.058953416548590494 
480 381.43249608407496 0.05736459505185485 0.07352875775936958 0.04162475860474465 
490 190.830964744053 0.05997059150338173 0.10935055943206501 0.04995619195844174 
500 0.0 0.05476135369352996 0.09047573167079019 0.04192893277427224 
Ended at  03/05/24,00:03:28 
